{
  "RSpec": {
    "coverage": {
      "/home/dainovu3/reverb_challenge2/person.rb": [
        1,
        1,
        1,
        null,
        1,
        1,
        null,
        1,
        17,
        17,
        17,
        17,
        17,
        null,
        null,
        null,
        1,
        1,
        null,
        1,
        0,
        0,
        0,
        0,
        0,
        null,
        null,
        null
      ],
      "/home/dainovu3/reverb_challenge2/parser.rb": [
        1,
        1,
        null,
        1,
        null,
        1,
        5,
        5,
        5,
        5,
        null,
        null,
        1,
        1,
        1,
        1,
        1,
        null,
        null,
        null,
        1,
        null,
        1,
        5,
        20,
        null,
        5,
        null,
        null,
        1,
        5,
        5,
        15,
        null,
        5,
        null,
        null,
        1,
        5,
        15,
        15,
        null,
        5,
        null,
        null,
        1,
        15,
        0,
        15,
        15,
        null,
        null,
        null,
        1,
        15,
        15,
        0,
        0,
        null,
        null,
        null,
        null
      ]
    },
    "timestamp": 1385411461
  }
}
