{
  "RSpec": {
    "coverage": {
      "/home/dainovu3/reverb_challenge2/models/person.rb": [
        1,
        1,
        null,
        1,
        1,
        null,
        1,
        11,
        11,
        11,
        11,
        11,
        null,
        null
      ],
      "/home/dainovu3/reverb_challenge2/models/parser.rb": [
        1,
        1,
        1,
        null,
        1,
        null,
        1,
        3,
        3,
        3,
        3,
        11,
        null,
        3,
        null,
        null,
        1,
        0,
        0,
        0,
        0,
        null,
        null,
        null,
        1,
        3,
        1,
        2,
        0,
        null,
        2,
        null,
        null,
        null,
        1,
        11,
        11,
        11,
        null,
        null,
        1,
        11,
        5,
        6,
        6,
        null,
        null,
        null,
        1,
        11,
        6,
        5,
        5,
        null,
        null,
        null,
        null
      ],
      "/home/dainovu3/reverb_challenge2/models/records.rb": [
        1,
        1,
        1,
        null,
        1,
        1,
        null,
        1,
        1,
        null,
        null,
        1,
        1,
        1,
        3,
        null,
        1,
        null,
        null,
        1,
        0,
        0,
        null,
        null,
        null,
        1,
        0,
        null,
        null,
        1,
        0,
        0,
        0,
        0,
        0,
        null,
        0,
        null,
        null,
        1,
        1,
        0,
        0,
        null,
        null,
        null,
        null
      ],
      "/home/dainovu3/reverb_challenge2/driver.rb": [
        1,
        1,
        null,
        1,
        0,
        0,
        0,
        null,
        null,
        null,
        1,
        null,
        1,
        1,
        1,
        0,
        0,
        0,
        0,
        0,
        0,
        0,
        0,
        0
      ]
    },
    "timestamp": 1385435937
  }
}
